<?xml version="1.0" encoding="UTF-8"?>
<testsuite xmlns:xsi="http://www.w3.org/2001/XMLSchema-instance" xsi:noNamespaceSchemaLocation="https://maven.apache.org/surefire/maven-surefire-plugin/xsd/surefire-test-report-3.0.xsd" version="3.0" name="TestSuite" time="105.052" tests="1" errors="0" skipped="0" failures="0">
  <properties>
    <property name="java.specification.version" value="20"/>
    <property name="webdriver.chrome.driver" value="/Users/apple/.cache/selenium/chromedriver/mac64/114.0.5735.90/chromedriver"/>
    <property name="sun.jnu.encoding" value="UTF-8"/>
    <property name="java.class.path" value="/Users/apple/eclipse-workspace/makemytripselenium/target/test-classes:/Users/apple/eclipse-workspace/makemytripselenium/target/classes:/Users/apple/.m2/repository/org/seleniumhq/selenium/selenium-java/3.141.59/selenium-java-3.141.59.jar:/Users/apple/.m2/repository/org/seleniumhq/selenium/selenium-api/3.141.59/selenium-api-3.141.59.jar:/Users/apple/.m2/repository/org/seleniumhq/selenium/selenium-chrome-driver/3.141.59/selenium-chrome-driver-3.141.59.jar:/Users/apple/.m2/repository/org/seleniumhq/selenium/selenium-edge-driver/3.141.59/selenium-edge-driver-3.141.59.jar:/Users/apple/.m2/repository/org/seleniumhq/selenium/selenium-firefox-driver/3.141.59/selenium-firefox-driver-3.141.59.jar:/Users/apple/.m2/repository/org/seleniumhq/selenium/selenium-ie-driver/3.141.59/selenium-ie-driver-3.141.59.jar:/Users/apple/.m2/repository/org/seleniumhq/selenium/selenium-opera-driver/3.141.59/selenium-opera-driver-3.141.59.jar:/Users/apple/.m2/repository/org/seleniumhq/selenium/selenium-remote-driver/3.141.59/selenium-remote-driver-3.141.59.jar:/Users/apple/.m2/repository/org/seleniumhq/selenium/selenium-safari-driver/3.141.59/selenium-safari-driver-3.141.59.jar:/Users/apple/.m2/repository/org/seleniumhq/selenium/selenium-support/3.141.59/selenium-support-3.141.59.jar:/Users/apple/.m2/repository/net/bytebuddy/byte-buddy/1.8.15/byte-buddy-1.8.15.jar:/Users/apple/.m2/repository/org/apache/commons/commons-exec/1.3/commons-exec-1.3.jar:/Users/apple/.m2/repository/com/google/guava/guava/25.0-jre/guava-25.0-jre.jar:/Users/apple/.m2/repository/com/google/code/findbugs/jsr305/1.3.9/jsr305-1.3.9.jar:/Users/apple/.m2/repository/org/checkerframework/checker-compat-qual/2.0.0/checker-compat-qual-2.0.0.jar:/Users/apple/.m2/repository/com/google/errorprone/error_prone_annotations/2.1.3/error_prone_annotations-2.1.3.jar:/Users/apple/.m2/repository/com/google/j2objc/j2objc-annotations/1.1/j2objc-annotations-1.1.jar:/Users/apple/.m2/repository/org/codehaus/mojo/animal-sniffer-annotations/1.14/animal-sniffer-annotations-1.14.jar:/Users/apple/.m2/repository/com/squareup/okhttp3/okhttp/3.11.0/okhttp-3.11.0.jar:/Users/apple/.m2/repository/com/squareup/okio/okio/1.14.0/okio-1.14.0.jar:/Users/apple/.m2/repository/io/github/bonigarcia/webdrivermanager/5.0.3/webdrivermanager-5.0.3.jar:/Users/apple/.m2/repository/org/slf4j/slf4j-api/1.7.32/slf4j-api-1.7.32.jar:/Users/apple/.m2/repository/com/google/code/gson/gson/2.8.8/gson-2.8.8.jar:/Users/apple/.m2/repository/org/jsoup/jsoup/1.14.2/jsoup-1.14.2.jar:/Users/apple/.m2/repository/com/github/docker-java/docker-java/3.2.12/docker-java-3.2.12.jar:/Users/apple/.m2/repository/com/github/docker-java/docker-java-core/3.2.12/docker-java-core-3.2.12.jar:/Users/apple/.m2/repository/com/github/docker-java/docker-java-api/3.2.12/docker-java-api-3.2.12.jar:/Users/apple/.m2/repository/com/fasterxml/jackson/core/jackson-annotations/2.10.3/jackson-annotations-2.10.3.jar:/Users/apple/.m2/repository/commons-io/commons-io/2.6/commons-io-2.6.jar:/Users/apple/.m2/repository/org/apache/commons/commons-compress/1.21/commons-compress-1.21.jar:/Users/apple/.m2/repository/commons-lang/commons-lang/2.6/commons-lang-2.6.jar:/Users/apple/.m2/repository/com/fasterxml/jackson/core/jackson-databind/2.10.3/jackson-databind-2.10.3.jar:/Users/apple/.m2/repository/com/fasterxml/jackson/core/jackson-core/2.10.3/jackson-core-2.10.3.jar:/Users/apple/.m2/repository/org/bouncycastle/bcpkix-jdk15on/1.64/bcpkix-jdk15on-1.64.jar:/Users/apple/.m2/repository/org/bouncycastle/bcprov-jdk15on/1.64/bcprov-jdk15on-1.64.jar:/Users/apple/.m2/repository/org/slf4j/jcl-over-slf4j/1.7.30/jcl-over-slf4j-1.7.30.jar:/Users/apple/.m2/repository/com/github/docker-java/docker-java-transport-httpclient5/3.2.12/docker-java-transport-httpclient5-3.2.12.jar:/Users/apple/.m2/repository/com/github/docker-java/docker-java-transport/3.2.12/docker-java-transport-3.2.12.jar:/Users/apple/.m2/repository/org/apache/httpcomponents/client5/httpclient5/5.0.3/httpclient5-5.0.3.jar:/Users/apple/.m2/repository/org/apache/httpcomponents/core5/httpcore5/5.0.2/httpcore5-5.0.2.jar:/Users/apple/.m2/repository/commons-codec/commons-codec/1.13/commons-codec-1.13.jar:/Users/apple/.m2/repository/net/java/dev/jna/jna/5.8.0/jna-5.8.0.jar:/Users/apple/.m2/repository/org/brotli/dec/0.1.2/dec-0.1.2.jar:/Users/apple/.m2/repository/org/testng/testng/7.4.0/testng-7.4.0.jar:/Users/apple/.m2/repository/com/beust/jcommander/1.78/jcommander-1.78.jar:/Users/apple/.m2/repository/org/webjars/jquery/3.5.1/jquery-3.5.1.jar:/Users/apple/.m2/repository/com/relevantcodes/extentreports/2.41.2/extentreports-2.41.2.jar:/Users/apple/.m2/repository/org/xerial/sqlite-jdbc/3.8.11.1/sqlite-jdbc-3.8.11.1.jar:/Users/apple/.m2/repository/org/freemarker/freemarker/2.3.23/freemarker-2.3.23.jar:/Users/apple/.m2/repository/org/mongodb/mongodb-driver/3.0.4/mongodb-driver-3.0.4.jar:/Users/apple/.m2/repository/org/mongodb/bson/3.0.4/bson-3.0.4.jar:/Users/apple/.m2/repository/org/mongodb/mongodb-driver-core/3.0.4/mongodb-driver-core-3.0.4.jar:"/>
    <property name="java.vm.vendor" value="Oracle Corporation"/>
    <property name="sun.arch.data.model" value="64"/>
    <property name="java.vendor.url" value="https://java.oracle.com/"/>
    <property name="user.timezone" value="Asia/Kolkata"/>
    <property name="os.name" value="Mac OS X"/>
    <property name="java.vm.specification.version" value="20"/>
    <property name="sun.java.launcher" value="SUN_STANDARD"/>
    <property name="user.country" value="IN"/>
    <property name="sun.boot.library.path" value="/Library/Java/JavaVirtualMachines/jdk-20.jdk/Contents/Home/lib"/>
    <property name="sun.java.command" value="/Users/apple/eclipse-workspace/makemytripselenium/target/surefire/surefirebooter-20230623111531557_3.jar /Users/apple/eclipse-workspace/makemytripselenium/target/surefire 2023-06-23T11-15-30_483-jvmRun1 surefire-20230623111531557_1tmp surefire_0-20230623111531557_2tmp"/>
    <property name="http.nonProxyHosts" value="local|*.local|169.254/16|*.169.254/16"/>
    <property name="jdk.debug" value="release"/>
    <property name="surefire.test.class.path" value="/Users/apple/eclipse-workspace/makemytripselenium/target/test-classes:/Users/apple/eclipse-workspace/makemytripselenium/target/classes:/Users/apple/.m2/repository/org/seleniumhq/selenium/selenium-java/3.141.59/selenium-java-3.141.59.jar:/Users/apple/.m2/repository/org/seleniumhq/selenium/selenium-api/3.141.59/selenium-api-3.141.59.jar:/Users/apple/.m2/repository/org/seleniumhq/selenium/selenium-chrome-driver/3.141.59/selenium-chrome-driver-3.141.59.jar:/Users/apple/.m2/repository/org/seleniumhq/selenium/selenium-edge-driver/3.141.59/selenium-edge-driver-3.141.59.jar:/Users/apple/.m2/repository/org/seleniumhq/selenium/selenium-firefox-driver/3.141.59/selenium-firefox-driver-3.141.59.jar:/Users/apple/.m2/repository/org/seleniumhq/selenium/selenium-ie-driver/3.141.59/selenium-ie-driver-3.141.59.jar:/Users/apple/.m2/repository/org/seleniumhq/selenium/selenium-opera-driver/3.141.59/selenium-opera-driver-3.141.59.jar:/Users/apple/.m2/repository/org/seleniumhq/selenium/selenium-remote-driver/3.141.59/selenium-remote-driver-3.141.59.jar:/Users/apple/.m2/repository/org/seleniumhq/selenium/selenium-safari-driver/3.141.59/selenium-safari-driver-3.141.59.jar:/Users/apple/.m2/repository/org/seleniumhq/selenium/selenium-support/3.141.59/selenium-support-3.141.59.jar:/Users/apple/.m2/repository/net/bytebuddy/byte-buddy/1.8.15/byte-buddy-1.8.15.jar:/Users/apple/.m2/repository/org/apache/commons/commons-exec/1.3/commons-exec-1.3.jar:/Users/apple/.m2/repository/com/google/guava/guava/25.0-jre/guava-25.0-jre.jar:/Users/apple/.m2/repository/com/google/code/findbugs/jsr305/1.3.9/jsr305-1.3.9.jar:/Users/apple/.m2/repository/org/checkerframework/checker-compat-qual/2.0.0/checker-compat-qual-2.0.0.jar:/Users/apple/.m2/repository/com/google/errorprone/error_prone_annotations/2.1.3/error_prone_annotations-2.1.3.jar:/Users/apple/.m2/repository/com/google/j2objc/j2objc-annotations/1.1/j2objc-annotations-1.1.jar:/Users/apple/.m2/repository/org/codehaus/mojo/animal-sniffer-annotations/1.14/animal-sniffer-annotations-1.14.jar:/Users/apple/.m2/repository/com/squareup/okhttp3/okhttp/3.11.0/okhttp-3.11.0.jar:/Users/apple/.m2/repository/com/squareup/okio/okio/1.14.0/okio-1.14.0.jar:/Users/apple/.m2/repository/io/github/bonigarcia/webdrivermanager/5.0.3/webdrivermanager-5.0.3.jar:/Users/apple/.m2/repository/org/slf4j/slf4j-api/1.7.32/slf4j-api-1.7.32.jar:/Users/apple/.m2/repository/com/google/code/gson/gson/2.8.8/gson-2.8.8.jar:/Users/apple/.m2/repository/org/jsoup/jsoup/1.14.2/jsoup-1.14.2.jar:/Users/apple/.m2/repository/com/github/docker-java/docker-java/3.2.12/docker-java-3.2.12.jar:/Users/apple/.m2/repository/com/github/docker-java/docker-java-core/3.2.12/docker-java-core-3.2.12.jar:/Users/apple/.m2/repository/com/github/docker-java/docker-java-api/3.2.12/docker-java-api-3.2.12.jar:/Users/apple/.m2/repository/com/fasterxml/jackson/core/jackson-annotations/2.10.3/jackson-annotations-2.10.3.jar:/Users/apple/.m2/repository/commons-io/commons-io/2.6/commons-io-2.6.jar:/Users/apple/.m2/repository/org/apache/commons/commons-compress/1.21/commons-compress-1.21.jar:/Users/apple/.m2/repository/commons-lang/commons-lang/2.6/commons-lang-2.6.jar:/Users/apple/.m2/repository/com/fasterxml/jackson/core/jackson-databind/2.10.3/jackson-databind-2.10.3.jar:/Users/apple/.m2/repository/com/fasterxml/jackson/core/jackson-core/2.10.3/jackson-core-2.10.3.jar:/Users/apple/.m2/repository/org/bouncycastle/bcpkix-jdk15on/1.64/bcpkix-jdk15on-1.64.jar:/Users/apple/.m2/repository/org/bouncycastle/bcprov-jdk15on/1.64/bcprov-jdk15on-1.64.jar:/Users/apple/.m2/repository/org/slf4j/jcl-over-slf4j/1.7.30/jcl-over-slf4j-1.7.30.jar:/Users/apple/.m2/repository/com/github/docker-java/docker-java-transport-httpclient5/3.2.12/docker-java-transport-httpclient5-3.2.12.jar:/Users/apple/.m2/repository/com/github/docker-java/docker-java-transport/3.2.12/docker-java-transport-3.2.12.jar:/Users/apple/.m2/repository/org/apache/httpcomponents/client5/httpclient5/5.0.3/httpclient5-5.0.3.jar:/Users/apple/.m2/repository/org/apache/httpcomponents/core5/httpcore5/5.0.2/httpcore5-5.0.2.jar:/Users/apple/.m2/repository/commons-codec/commons-codec/1.13/commons-codec-1.13.jar:/Users/apple/.m2/repository/net/java/dev/jna/jna/5.8.0/jna-5.8.0.jar:/Users/apple/.m2/repository/org/brotli/dec/0.1.2/dec-0.1.2.jar:/Users/apple/.m2/repository/org/testng/testng/7.4.0/testng-7.4.0.jar:/Users/apple/.m2/repository/com/beust/jcommander/1.78/jcommander-1.78.jar:/Users/apple/.m2/repository/org/webjars/jquery/3.5.1/jquery-3.5.1.jar:/Users/apple/.m2/repository/com/relevantcodes/extentreports/2.41.2/extentreports-2.41.2.jar:/Users/apple/.m2/repository/org/xerial/sqlite-jdbc/3.8.11.1/sqlite-jdbc-3.8.11.1.jar:/Users/apple/.m2/repository/org/freemarker/freemarker/2.3.23/freemarker-2.3.23.jar:/Users/apple/.m2/repository/org/mongodb/mongodb-driver/3.0.4/mongodb-driver-3.0.4.jar:/Users/apple/.m2/repository/org/mongodb/bson/3.0.4/bson-3.0.4.jar:/Users/apple/.m2/repository/org/mongodb/mongodb-driver-core/3.0.4/mongodb-driver-core-3.0.4.jar:"/>
    <property name="sun.cpu.endian" value="little"/>
    <property name="user.home" value="/Users/apple"/>
    <property name="user.language" value="en"/>
    <property name="java.specification.vendor" value="Oracle Corporation"/>
    <property name="java.version.date" value="2023-04-18"/>
    <property name="java.home" value="/Library/Java/JavaVirtualMachines/jdk-20.jdk/Contents/Home"/>
    <property name="file.separator" value="/"/>
    <property name="basedir" value="/Users/apple/eclipse-workspace/makemytripselenium"/>
    <property name="java.vm.compressedOopsMode" value="Zero based"/>
    <property name="line.separator" value="&#10;"/>
    <property name="java.vm.specification.vendor" value="Oracle Corporation"/>
    <property name="java.specification.name" value="Java Platform API Specification"/>
    <property name="apple.awt.application.name" value="ForkedBooter"/>
    <property name="surefire.real.class.path" value="/Users/apple/eclipse-workspace/makemytripselenium/target/surefire/surefirebooter-20230623111531557_3.jar"/>
    <property name="sun.management.compiler" value="HotSpot 64-Bit Tiered Compilers"/>
    <property name="ftp.nonProxyHosts" value="local|*.local|169.254/16|*.169.254/16"/>
    <property name="java.runtime.version" value="20.0.1+9-29"/>
    <property name="user.name" value="apple"/>
    <property name="stdout.encoding" value="UTF-8"/>
    <property name="path.separator" value=":"/>
    <property name="os.version" value="13.2.1"/>
    <property name="java.runtime.name" value="Java(TM) SE Runtime Environment"/>
    <property name="file.encoding" value="UTF-8"/>
    <property name="java.vm.name" value="Java HotSpot(TM) 64-Bit Server VM"/>
    <property name="localRepository" value="/Users/apple/.m2/repository"/>
    <property name="java.vendor.url.bug" value="https://bugreport.java.com/bugreport/"/>
    <property name="java.io.tmpdir" value="/var/folders/4_/zbgdd_9970b91qcpwb6pxk600000gn/T/"/>
    <property name="java.version" value="20.0.1"/>
    <property name="user.dir" value="/Users/apple/eclipse-workspace/makemytripselenium"/>
    <property name="os.arch" value="x86_64"/>
    <property name="java.vm.specification.name" value="Java Virtual Machine Specification"/>
    <property name="native.encoding" value="UTF-8"/>
    <property name="java.library.path" value="/Users/apple/Library/Java/Extensions:/Library/Java/Extensions:/Network/Library/Java/Extensions:/System/Library/Java/Extensions:/usr/lib/java:."/>
    <property name="java.vm.info" value="mixed mode, sharing"/>
    <property name="stderr.encoding" value="UTF-8"/>
    <property name="java.vendor" value="Oracle Corporation"/>
    <property name="java.vm.version" value="20.0.1+9-29"/>
    <property name="sun.io.unicode.encoding" value="UnicodeBig"/>
    <property name="socksNonProxyHosts" value="local|*.local|169.254/16|*.169.254/16"/>
    <property name="java.class.version" value="64.0"/>
  </properties>
  <testcase name="selectholidaypackage" classname="makemytripselenium.makemytrip" time="96.493">
    <system-out><![CDATA[Screenshot saved at: /Users/apple/eclipse-workspace/makemytripselenium/test-output/screenshots/HomePageMakemyTrip.png
Screenshot saved at: /Users/apple/eclipse-workspace/makemytripselenium/test-output/screenshots/HolidayPackage.png
Screenshot saved at: /Users/apple/eclipse-workspace/makemytripselenium/test-output/screenshots/ FromcityandToCityPackage.png
date is choosen
Screenshot saved at: /Users/apple/eclipse-workspace/makemytripselenium/test-output/screenshots/search.png
Screenshot saved at: /Users/apple/eclipse-workspace/makemytripselenium/test-output/screenshots/ScrollandSelect.png
Screenshot saved at: /Users/apple/eclipse-workspace/makemytripselenium/test-output/screenshots/NewHotel.png
Screenshot saved at: /Users/apple/eclipse-workspace/makemytripselenium/test-output/screenshots/UpdatedPackage.png
package updated
Text is present on the page.
Screenshot saved at: /Users/apple/eclipse-workspace/makemytripselenium/test-output/screenshots/HotelValidation.png
Screenshot saved at: /Users/apple/eclipse-workspace/makemytripselenium/test-output/screenshots/Activity.png
Screenshot saved at: /Users/apple/eclipse-workspace/makemytripselenium/test-output/screenshots/afterUpdate.png
Activity Text is present on the page.
Hotel Name is present on the page.
Screenshot saved at: /Users/apple/eclipse-workspace/makemytripselenium/test-output/screenshots/valiandupdate.png
Activity Text is present on the page.
Screenshot saved at: /Users/apple/eclipse-workspace/makemytripselenium/test-output/screenshots/ValidateLinks.png
]]></system-out>
    <system-err><![CDATA[SLF4J: Failed to load class "org.slf4j.impl.StaticLoggerBinder".
SLF4J: Defaulting to no-operation (NOP) logger implementation
SLF4J: See http://www.slf4j.org/codes.html#StaticLoggerBinder for further details.
Starting ChromeDriver 114.0.5735.90 (386bc09e8f4f2e025eddae123f36f6263096ae49-refs/branch-heads/5735@{#1052}) on port 28137
Only local connections are allowed.
Please see https://chromedriver.chromium.org/security-considerations for suggestions on keeping ChromeDriver safe.
ChromeDriver was started successfully.
Jun 23, 2023 11:15:36 AM org.openqa.selenium.remote.ProtocolHandshake createSession
INFO: Detected dialect: W3C
Jun 23, 2023 11:15:39 AM com.relevantcodes.extentreports.ExtentReports loadConfig
WARNING: Unable to perform report configuration. The file /Users/apple/eclipse-workspace/makemytripselenium/src/test/java/extent-config.xml was not found.
]]></system-err>
  </testcase>
</testsuite>