<?xml version="1.0" encoding="UTF-8"?>
<!-- Generated by org.testng.reporters.JUnitReportReporter -->
<testsuite hostname="naresh.local" failures="0" tests="1" name="makemytripselenium.makemytrip" time="96.391" errors="0" timestamp="2023-06-23T02:45:08 IST" skipped="0">
  <testcase classname="makemytripselenium.makemytrip" name="selectholidaypackage" time="96.391"/>
  <system-out/>
</testsuite> <!-- makemytripselenium.makemytrip -->
